<?xml version="1.0" encoding="UTF-8"?>
<testng-results skipped="0" failed="1" ignored="0" total="1" passed="0">
  <reporter-output>
    <line>
      <![CDATA[<div style="display:block;margin-left:10px;"><div  class="pass"><span class="pass-label">P </span>
Expected: a value equal to or greater than &lt;0&gt;
     Actual: &lt;45&gt; was greater than &lt;0&gt; <a href="../img/testProductOrderSteps_19zjxfzc475223383.png" target="_blank">[View Screenshot]</a> </div><div  class="fail"><span class="fail-label">F </span>timeout
  (Session info: chrome=63.0.3239.132)
  (Driver info: chromedriver=2.33.506120 (e3e53437346286c0bc2d2dc9aa4915ba81d9023f),platform=Windows NT 10.0.10586 x86_64) (WARNING: The server did not provide any stacktrace information)
Command duration or timeout: 300.20 seconds
Build info: version: '2.53.0', revision: '35ae25b1534ae328c771e0856c93e187490ca824', time: '2016-03-15 10:43:46'
System info: host: 'ICPL12225', ip: '10.11.31.179', os.name: 'Windows 10', os.arch: 'amd64', os.version: '10.0', java.version: '1.8.0_151'
Driver info: com.qmetry.qaf.automation.ui.webdriver.QAFExtendedWebDriver
Capabilities [{applicationCacheEnabled=false, rotatable=false, mobileEmulationEnabled=false, networkConnectionEnabled=false, chrome={chromedriverVersion=2.33.506120 (e3e53437346286c0bc2d2dc9aa4915ba81d9023f), userDataDir=C:\Users\VENKAT~1.RED\AppData\Local\Temp\scoped_dir1764_19706}, takesHeapSnapshot=true, pageLoadStrategy=normal, databaseEnabled=false, handlesAlerts=true, hasTouchScreen=false, version=63.0.3239.132, platform=XP, browserConnectionEnabled=false, nativeEvents=true, acceptSslCerts=true, locationContextEnabled=true, webStorageEnabled=true, browserName=chrome, takesScreenshot=true, javascriptEnabled=true, cssSelectorsEnabled=true, setWindowRect=true, unexpectedAlertBehaviour=}]
Session ID: ec451d74f89079e655ba18c839a52424 <a href="../img/testProductOrderSteps_c1bqp26o67fj3384.png" target="_blank">[View Screenshot]</a> </div></div>]]>
    </line>
  </reporter-output>
  <suite name="AJIO" duration-ms="327695" started-at="2018-01-23T06:59:08Z" finished-at="2018-01-23T07:04:35Z">
    <groups>
    </groups>
    <test name="Test" duration-ms="327695" started-at="2018-01-23T06:59:08Z" finished-at="2018-01-23T07:04:35Z">
      <class name="com.venkat_ajio.tests.AjioProductOrderSteps">
        <test-method status="PASS" signature="setupSuit(org.testng.ITestContext)[pri:0, instance:com.venkat_ajio.tests.AjioProductOrderSteps@63440df3]" name="setupSuit" is-config="true" duration-ms="31" started-at="2018-01-23T12:29:08Z" finished-at="2018-01-23T12:29:08Z">
          <params>
            <param index="0">
              <value>
                <![CDATA[org.testng.TestRunner@3bbc39f8]]>
              </value>
            </param>
          </params>
          <reporter-output>
          </reporter-output>
        </test-method> <!-- setupSuit -->
        <test-method status="PASS" signature="setupTest(org.testng.ITestContext)[pri:0, instance:com.venkat_ajio.tests.AjioProductOrderSteps@63440df3]" name="setupTest" is-config="true" duration-ms="0" started-at="2018-01-23T12:29:08Z" finished-at="2018-01-23T12:29:08Z">
          <params>
            <param index="0">
              <value>
                <![CDATA[org.testng.TestRunner@3bbc39f8]]>
              </value>
            </param>
          </params>
          <reporter-output>
          </reporter-output>
        </test-method> <!-- setupTest -->
        <test-method status="PASS" signature="setup(org.testng.ITestContext)[pri:0, instance:com.venkat_ajio.tests.AjioProductOrderSteps@63440df3]" name="setup" is-config="true" duration-ms="16" started-at="2018-01-23T12:29:08Z" finished-at="2018-01-23T12:29:08Z">
          <params>
            <param index="0">
              <value>
                <![CDATA[org.testng.TestRunner@3bbc39f8]]>
              </value>
            </param>
          </params>
          <reporter-output>
          </reporter-output>
        </test-method> <!-- setup -->
        <test-method status="FAIL" signature="testProductOrderSteps()[pri:0, instance:com.venkat_ajio.tests.AjioProductOrderSteps@63440df3]" name="testProductOrderSteps" duration-ms="326745" started-at="2018-01-23T12:29:08Z" finished-at="2018-01-23T12:34:34Z">
          <exception class="org.openqa.selenium.TimeoutException">
            <message>
              <![CDATA[timeout
  (Session info: chrome=63.0.3239.132)
  (Driver info: chromedriver=2.33.506120 (e3e53437346286c0bc2d2dc9aa4915ba81d9023f),platform=Windows NT 10.0.10586 x86_64) (WARNING: The server did not provide any stacktrace information)
Command duration or timeout: 300.20 seconds
Build info: version: '2.53.0', revision: '35ae25b1534ae328c771e0856c93e187490ca824', time: '2016-03-15 10:43:46'
System info: host: 'ICPL12225', ip: '10.11.31.179', os.name: 'Windows 10', os.arch: 'amd64', os.version: '10.0', java.version: '1.8.0_151'
Driver info: com.qmetry.qaf.automation.ui.webdriver.QAFExtendedWebDriver
Capabilities [{applicationCacheEnabled=false, rotatable=false, mobileEmulationEnabled=false, networkConnectionEnabled=false, chrome={chromedriverVersion=2.33.506120 (e3e53437346286c0bc2d2dc9aa4915ba81d9023f), userDataDir=C:\Users\VENKAT~1.RED\AppData\Local\Temp\scoped_dir1764_19706}, takesHeapSnapshot=true, pageLoadStrategy=normal, databaseEnabled=false, handlesAlerts=true, hasTouchScreen=false, version=63.0.3239.132, platform=XP, browserConnectionEnabled=false, nativeEvents=true, acceptSslCerts=true, locationContextEnabled=true, webStorageEnabled=true, browserName=chrome, takesScreenshot=true, javascriptEnabled=true, cssSelectorsEnabled=true, setWindowRect=true, unexpectedAlertBehaviour=}]
Session ID: ec451d74f89079e655ba18c839a52424]]>
            </message>
            <full-stacktrace>
              <![CDATA[org.openqa.selenium.TimeoutException: timeout
  (Session info: chrome=63.0.3239.132)
  (Driver info: chromedriver=2.33.506120 (e3e53437346286c0bc2d2dc9aa4915ba81d9023f),platform=Windows NT 10.0.10586 x86_64) (WARNING: The server did not provide any stacktrace information)
Command duration or timeout: 300.20 seconds
Build info: version: '2.53.0', revision: '35ae25b1534ae328c771e0856c93e187490ca824', time: '2016-03-15 10:43:46'
System info: host: 'ICPL12225', ip: '10.11.31.179', os.name: 'Windows 10', os.arch: 'amd64', os.version: '10.0', java.version: '1.8.0_151'
Driver info: com.qmetry.qaf.automation.ui.webdriver.QAFExtendedWebDriver
Capabilities [{applicationCacheEnabled=false, rotatable=false, mobileEmulationEnabled=false, networkConnectionEnabled=false, chrome={chromedriverVersion=2.33.506120 (e3e53437346286c0bc2d2dc9aa4915ba81d9023f), userDataDir=C:\Users\VENKAT~1.RED\AppData\Local\Temp\scoped_dir1764_19706}, takesHeapSnapshot=true, pageLoadStrategy=normal, databaseEnabled=false, handlesAlerts=true, hasTouchScreen=false, version=63.0.3239.132, platform=XP, browserConnectionEnabled=false, nativeEvents=true, acceptSslCerts=true, locationContextEnabled=true, webStorageEnabled=true, browserName=chrome, takesScreenshot=true, javascriptEnabled=true, cssSelectorsEnabled=true, setWindowRect=true, unexpectedAlertBehaviour=}]
Session ID: ec451d74f89079e655ba18c839a52424
	at sun.reflect.NativeConstructorAccessorImpl.newInstance0(Native Method)
	at sun.reflect.NativeConstructorAccessorImpl.newInstance(NativeConstructorAccessorImpl.java:62)
	at sun.reflect.DelegatingConstructorAccessorImpl.newInstance(DelegatingConstructorAccessorImpl.java:45)
	at java.lang.reflect.Constructor.newInstance(Constructor.java:423)
	at org.openqa.selenium.remote.ErrorHandler.createThrowable(ErrorHandler.java:206)
	at org.openqa.selenium.remote.ErrorHandler.throwIfResponseFailed(ErrorHandler.java:158)
	at org.openqa.selenium.remote.RemoteWebDriver.execute(RemoteWebDriver.java:678)
	at com.qmetry.qaf.automation.ui.webdriver.QAFExtendedWebDriver.executeWitoutLog(QAFExtendedWebDriver.java:256)
	at com.qmetry.qaf.automation.ui.webdriver.QAFExtendedWebElement.execute(QAFExtendedWebElement.java:252)
	at org.openqa.selenium.remote.RemoteWebElement.click(RemoteWebElement.java:85)
	at com.venkat_ajio.pages.SearchResultsTestPage.selectProduct(SearchResultsTestPage.java:116)
	at com.venkat_ajio.tests.AjioProductOrderSteps.testProductOrderSteps(AjioProductOrderSteps.java:25)
	at sun.reflect.NativeMethodAccessorImpl.invoke0(Native Method)
	at sun.reflect.NativeMethodAccessorImpl.invoke(NativeMethodAccessorImpl.java:62)
	at sun.reflect.DelegatingMethodAccessorImpl.invoke(DelegatingMethodAccessorImpl.java:43)
	at java.lang.reflect.Method.invoke(Method.java:498)
	at org.testng.internal.MethodInvocationHelper.invokeMethod(MethodInvocationHelper.java:104)
	at org.testng.internal.Invoker.invokeMethod(Invoker.java:645)
	at org.testng.internal.Invoker.invokeTestMethod(Invoker.java:851)
	at org.testng.internal.Invoker.invokeTestMethods(Invoker.java:1177)
	at org.testng.internal.TestMethodWorker.invokeTestMethods(TestMethodWorker.java:129)
	at org.testng.internal.TestMethodWorker.run(TestMethodWorker.java:112)
	at org.testng.TestRunner.privateRun(TestRunner.java:781)
	at org.testng.TestRunner.run(TestRunner.java:635)
	at org.testng.SuiteRunner.runTest(SuiteRunner.java:387)
	at org.testng.SuiteRunner.runSequentially(SuiteRunner.java:382)
	at org.testng.SuiteRunner.privateRun(SuiteRunner.java:340)
	at org.testng.SuiteRunner.run(SuiteRunner.java:289)
	at org.testng.SuiteRunnerWorker.runSuite(SuiteRunnerWorker.java:52)
	at org.testng.SuiteRunnerWorker.run(SuiteRunnerWorker.java:86)
	at org.testng.TestNG.runSuitesSequentially(TestNG.java:1293)
	at org.testng.TestNG.runSuitesLocally(TestNG.java:1218)
	at org.testng.TestNG.runSuites(TestNG.java:1133)
	at org.testng.TestNG.run(TestNG.java:1104)
	at org.apache.maven.surefire.testng.TestNGExecutor.run(TestNGExecutor.java:122)
	at org.apache.maven.surefire.testng.TestNGXmlTestSuite.execute(TestNGXmlTestSuite.java:92)
	at org.apache.maven.surefire.testng.TestNGProvider.invoke(TestNGProvider.java:101)
	at sun.reflect.NativeMethodAccessorImpl.invoke0(Native Method)
	at sun.reflect.NativeMethodAccessorImpl.invoke(NativeMethodAccessorImpl.java:62)
	at sun.reflect.DelegatingMethodAccessorImpl.invoke(DelegatingMethodAccessorImpl.java:43)
	at java.lang.reflect.Method.invoke(Method.java:498)
	at org.apache.maven.surefire.util.ReflectionUtils.invokeMethodWithArray(ReflectionUtils.java:164)
	at org.apache.maven.surefire.booter.ProviderFactory$ProviderProxy.invoke(ProviderFactory.java:110)
	at org.apache.maven.surefire.booter.SurefireStarter.invokeProvider(SurefireStarter.java:172)
	at org.apache.maven.surefire.booter.SurefireStarter.runSuitesInProcessWhenForked(SurefireStarter.java:104)
	at org.apache.maven.surefire.booter.ForkedBooter.main(ForkedBooter.java:70)
]]>
            </full-stacktrace>
          </exception> <!-- org.openqa.selenium.TimeoutException -->
          <reporter-output>
            <line>
              <![CDATA[<div style="display:block;margin-left:10px;"><div  class="pass"><span class="pass-label">P </span>
Expected: a value equal to or greater than &lt;0&gt;
     Actual: &lt;45&gt; was greater than &lt;0&gt; <a href="../img/testProductOrderSteps_19zjxfzc475223383.png" target="_blank">[View Screenshot]</a> </div><div  class="fail"><span class="fail-label">F </span>timeout
  (Session info: chrome=63.0.3239.132)
  (Driver info: chromedriver=2.33.506120 (e3e53437346286c0bc2d2dc9aa4915ba81d9023f),platform=Windows NT 10.0.10586 x86_64) (WARNING: The server did not provide any stacktrace information)
Command duration or timeout: 300.20 seconds
Build info: version: '2.53.0', revision: '35ae25b1534ae328c771e0856c93e187490ca824', time: '2016-03-15 10:43:46'
System info: host: 'ICPL12225', ip: '10.11.31.179', os.name: 'Windows 10', os.arch: 'amd64', os.version: '10.0', java.version: '1.8.0_151'
Driver info: com.qmetry.qaf.automation.ui.webdriver.QAFExtendedWebDriver
Capabilities [{applicationCacheEnabled=false, rotatable=false, mobileEmulationEnabled=false, networkConnectionEnabled=false, chrome={chromedriverVersion=2.33.506120 (e3e53437346286c0bc2d2dc9aa4915ba81d9023f), userDataDir=C:\Users\VENKAT~1.RED\AppData\Local\Temp\scoped_dir1764_19706}, takesHeapSnapshot=true, pageLoadStrategy=normal, databaseEnabled=false, handlesAlerts=true, hasTouchScreen=false, version=63.0.3239.132, platform=XP, browserConnectionEnabled=false, nativeEvents=true, acceptSslCerts=true, locationContextEnabled=true, webStorageEnabled=true, browserName=chrome, takesScreenshot=true, javascriptEnabled=true, cssSelectorsEnabled=true, setWindowRect=true, unexpectedAlertBehaviour=}]
Session ID: ec451d74f89079e655ba18c839a52424 <a href="../img/testProductOrderSteps_c1bqp26o67fj3384.png" target="_blank">[View Screenshot]</a> </div></div>]]>
            </line>
          </reporter-output>
        </test-method> <!-- testProductOrderSteps -->
        <test-method status="PASS" signature="setupMethod(java.lang.reflect.Method, org.testng.ITestContext)[pri:0, instance:com.venkat_ajio.tests.AjioProductOrderSteps@63440df3]" name="setupMethod" is-config="true" duration-ms="0" started-at="2018-01-23T12:29:08Z" finished-at="2018-01-23T12:29:08Z">
          <params>
            <param index="0">
              <value>
                <![CDATA[public void com.venkat_ajio.tests.AjioProductOrderSteps.testProductOrderSteps() throws java.lang.InterruptedException]]>
              </value>
            </param>
            <param index="1">
              <value>
                <![CDATA[org.testng.TestRunner@3bbc39f8]]>
              </value>
            </param>
          </params>
          <reporter-output>
          </reporter-output>
        </test-method> <!-- setupMethod -->
        <test-method status="PASS" signature="afterMethod(org.testng.ITestContext, org.testng.ITestResult)[pri:0, instance:com.venkat_ajio.tests.AjioProductOrderSteps@63440df3]" name="afterMethod" is-config="true" duration-ms="0" started-at="2018-01-23T12:34:35Z" finished-at="2018-01-23T12:34:35Z">
          <params>
            <param index="0">
              <value>
                <![CDATA[org.testng.TestRunner@3bbc39f8]]>
              </value>
            </param>
            <param index="1">
              <value>
                <![CDATA[[TestResult name=testProductOrderSteps status=FAILURE method=AjioProductOrderSteps.testProductOrderSteps()[pri:0, instance:com.venkat_ajio.tests.AjioProductOrderSteps@63440df3] output=<div style="display:block;margin-left:10px;"><div  class="pass"><span class="pass-label">P </span>
Expected: a value equal to or greater than &lt;0&gt;
     Actual: &lt;45&gt; was greater than &lt;0&gt; <a href="../img/testProductOrderSteps_19zjxfzc475223383.png" target="_blank">[View Screenshot]</a> </div><div  class="fail"><span class="fail-label">F </span>timeout
  (Session info: chrome=63.0.3239.132)
  (Driver info: chromedriver=2.33.506120 (e3e53437346286c0bc2d2dc9aa4915ba81d9023f),platform=Windows NT 10.0.10586 x86_64) (WARNING: The server did not provide any stacktrace information)
Command duration or timeout: 300.20 seconds
Build info: version: '2.53.0', revision: '35ae25b1534ae328c771e0856c93e187490ca824', time: '2016-03-15 10:43:46'
System info: host: 'ICPL12225', ip: '10.11.31.179', os.name: 'Windows 10', os.arch: 'amd64', os.version: '10.0', java.version: '1.8.0_151'
Driver info: com.qmetry.qaf.automation.ui.webdriver.QAFExtendedWebDriver
Capabilities [{applicationCacheEnabled=false, rotatable=false, mobileEmulationEnabled=false, networkConnectionEnabled=false, chrome={chromedriverVersion=2.33.506120 (e3e53437346286c0bc2d2dc9aa4915ba81d9023f), userDataDir=C:\Users\VENKAT~1.RED\AppData\Local\Temp\scoped_dir1764_19706}, takesHeapSnapshot=true, pageLoadStrategy=normal, databaseEnabled=false, handlesAlerts=true, hasTouchScreen=false, version=63.0.3239.132, platform=XP, browserConnectionEnabled=false, nativeEvents=true, acceptSslCerts=true, locationContextEnabled=true, webStorageEnabled=true, browserName=chrome, takesScreenshot=true, javascriptEnabled=true, cssSelectorsEnabled=true, setWindowRect=true, unexpectedAlertBehaviour=}]
Session ID: ec451d74f89079e655ba18c839a52424 <a href="../img/testProductOrderSteps_c1bqp26o67fj3384.png" target="_blank">[View Screenshot]</a> </div></div>]]]>
              </value>
            </param>
          </params>
          <reporter-output>
          </reporter-output>
        </test-method> <!-- afterMethod -->
        <test-method status="PASS" signature="afterClass(org.testng.ITestContext)[pri:0, instance:com.venkat_ajio.tests.AjioProductOrderSteps@63440df3]" name="afterClass" is-config="true" duration-ms="0" started-at="2018-01-23T12:34:35Z" finished-at="2018-01-23T12:34:35Z">
          <params>
            <param index="0">
              <value>
                <![CDATA[org.testng.TestRunner@3bbc39f8]]>
              </value>
            </param>
          </params>
          <reporter-output>
          </reporter-output>
        </test-method> <!-- afterClass -->
        <test-method status="PASS" signature="afterTest(org.testng.ITestContext)[pri:0, instance:com.venkat_ajio.tests.AjioProductOrderSteps@63440df3]" name="afterTest" is-config="true" duration-ms="69" started-at="2018-01-23T12:34:35Z" finished-at="2018-01-23T12:34:35Z">
          <params>
            <param index="0">
              <value>
                <![CDATA[org.testng.TestRunner@3bbc39f8]]>
              </value>
            </param>
          </params>
          <reporter-output>
          </reporter-output>
        </test-method> <!-- afterTest -->
        <test-method status="PASS" signature="afterSuit(org.testng.ITestContext)[pri:0, instance:com.venkat_ajio.tests.AjioProductOrderSteps@63440df3]" name="afterSuit" is-config="true" duration-ms="0" started-at="2018-01-23T12:34:35Z" finished-at="2018-01-23T12:34:35Z">
          <params>
            <param index="0">
              <value>
                <![CDATA[org.testng.TestRunner@3bbc39f8]]>
              </value>
            </param>
          </params>
          <reporter-output>
          </reporter-output>
        </test-method> <!-- afterSuit -->
      </class> <!-- com.venkat_ajio.tests.AjioProductOrderSteps -->
    </test> <!-- Test -->
  </suite> <!-- AJIO -->
</testng-results>
